<?xml version="1.0" encoding="UTF-8"?>
<!-- Generated by org.testng.reporters.JUnitXMLReporter -->
<testsuite ignored="0" hostname="Yukesh-PC" failures="5" tests="9" name="Banking app test" time="115.532" errors="0" timestamp="03 May 2020 17:53:29 GMT">
  <testcase classname="com.inetbanking.testcases.TC_Logintest" name="test1" time="7.839"/>
  <testcase classname="com.inetbanking.testcases.LoginTC_002" name="loginddt" time="16.132"/>
  <testcase classname="com.inetbanking.testcases.LoginTC_002" name="loginddt" time="5.376">
    <failure type="java.lang.AssertionError" message="expected [true] but found [false]">
      <![CDATA[java.lang.AssertionError: expected [true] but found [false]
at com.inetbanking.testcases.LoginTC_002.loginddt(LoginTC_002.java:30)
... Removed 29 stack frames]]>
    </failure>
  </testcase> <!-- loginddt -->
  <testcase classname="com.inetbanking.testcases.LoginTC_002" name="loginddt" time="7.371">
    <failure type="java.lang.AssertionError" message="expected [true] but found [false]">
      <![CDATA[java.lang.AssertionError: expected [true] but found [false]
at com.inetbanking.testcases.LoginTC_002.loginddt(LoginTC_002.java:30)
... Removed 29 stack frames]]>
    </failure>
  </testcase> <!-- loginddt -->
  <testcase classname="com.inetbanking.testcases.LoginTC_002" name="loginddt" time="6.458">
    <failure type="java.lang.AssertionError" message="expected [true] but found [false]">
      <![CDATA[java.lang.AssertionError: expected [true] but found [false]
at com.inetbanking.testcases.LoginTC_002.loginddt(LoginTC_002.java:30)
... Removed 29 stack frames]]>
    </failure>
  </testcase> <!-- loginddt -->
  <testcase classname="com.inetbanking.testcases.LoginTC_002" name="loginddt" time="6.63">
    <failure type="java.lang.AssertionError" message="expected [true] but found [false]">
      <![CDATA[java.lang.AssertionError: expected [true] but found [false]
at com.inetbanking.testcases.LoginTC_002.loginddt(LoginTC_002.java:30)
... Removed 29 stack frames]]>
    </failure>
  </testcase> <!-- loginddt -->
  <testcase classname="com.inetbanking.testcases.LoginTC_002" name="loginddt" time="5.258">
    <failure type="java.lang.AssertionError" message="expected [true] but found [false]">
      <![CDATA[java.lang.AssertionError: expected [true] but found [false]
at com.inetbanking.testcases.LoginTC_002.loginddt(LoginTC_002.java:30)
... Removed 29 stack frames]]>
    </failure>
  </testcase> <!-- loginddt -->
  <testcase classname="com.inetbanking.testcases.LoginTC_002" name="loginddt" time="12.795"/>
  <testcase classname="com.inetbanking.testcases.TC_003_NewAccount" name="addcustomer" time="31.033"/>
</testsuite> <!-- Banking app test -->
