<?xml version="1.0" encoding="UTF-8"?>
<testng-results skipped="0" failed="0" ignored="0" total="2" passed="2">
  <reporter-output>
  </reporter-output>
  <suite name="Inetbankingv1" duration-ms="50750" started-at="2020-05-05T03:40:43Z" finished-at="2020-05-05T03:41:34Z">
    <groups>
    </groups>
    <test name="Banking app test" duration-ms="50750" started-at="2020-05-05T03:40:43Z" finished-at="2020-05-05T03:41:34Z">
      <class name="com.inetbanking.testcases.TC_003_NewAccount">
        <test-method status="PASS" signature="setup(java.lang.String)[pri:0, instance:com.inetbanking.testcases.TC_003_NewAccount@5afa04c]" name="setup" is-config="true" duration-ms="4611" started-at="2020-05-05T03:41:00Z" finished-at="2020-05-05T03:41:05Z">
          <params>
            <param index="0">
              <value>
                <![CDATA[chrome]]>
              </value>
            </param>
          </params>
          <reporter-output>
          </reporter-output>
        </test-method> <!-- setup -->
        <test-method status="PASS" signature="addcustomer()[pri:0, instance:com.inetbanking.testcases.TC_003_NewAccount@5afa04c]" name="addcustomer" duration-ms="28357" started-at="2020-05-05T03:41:05Z" finished-at="2020-05-05T03:41:33Z">
          <reporter-output>
          </reporter-output>
        </test-method> <!-- addcustomer -->
        <test-method status="PASS" signature="teardown()[pri:0, instance:com.inetbanking.testcases.TC_003_NewAccount@5afa04c]" name="teardown" is-config="true" duration-ms="749" started-at="2020-05-05T03:41:33Z" finished-at="2020-05-05T03:41:34Z">
          <reporter-output>
          </reporter-output>
        </test-method> <!-- teardown -->
      </class> <!-- com.inetbanking.testcases.TC_003_NewAccount -->
      <class name="com.inetbanking.testcases.TC_Logintest">
        <test-method status="PASS" signature="setup(java.lang.String)[pri:0, instance:com.inetbanking.testcases.TC_Logintest@458ad742]" name="setup" is-config="true" duration-ms="5206" started-at="2020-05-05T03:40:44Z" finished-at="2020-05-05T03:40:49Z">
          <params>
            <param index="0">
              <value>
                <![CDATA[chrome]]>
              </value>
            </param>
          </params>
          <reporter-output>
          </reporter-output>
        </test-method> <!-- setup -->
        <test-method status="PASS" signature="test1()[pri:0, instance:com.inetbanking.testcases.TC_Logintest@458ad742]" name="test1" duration-ms="10736" started-at="2020-05-05T03:40:49Z" finished-at="2020-05-05T03:41:00Z">
          <reporter-output>
          </reporter-output>
        </test-method> <!-- test1 -->
        <test-method status="PASS" signature="teardown()[pri:0, instance:com.inetbanking.testcases.TC_Logintest@458ad742]" name="teardown" is-config="true" duration-ms="722" started-at="2020-05-05T03:41:00Z" finished-at="2020-05-05T03:41:00Z">
          <reporter-output>
          </reporter-output>
        </test-method> <!-- teardown -->
      </class> <!-- com.inetbanking.testcases.TC_Logintest -->
    </test> <!-- Banking app test -->
  </suite> <!-- Inetbankingv1 -->
</testng-results>
